Determining if the pthread_create exist failed with the following output:
Change Dir: /home/mstest9/catkin_ws/src/using_pointclouds/CMakeFiles/CMakeTmp

Run Build Command:"/usr/bin/make" "cmTC_4ccac/fast"
/usr/bin/make -f CMakeFiles/cmTC_4ccac.dir/build.make CMakeFiles/cmTC_4ccac.dir/build
make[1]: Entering directory '/home/mstest9/catkin_ws/src/using_pointclouds/CMakeFiles/CMakeTmp'
Building C object CMakeFiles/cmTC_4ccac.dir/CheckSymbolExists.c.o
/usr/bin/cc     -o CMakeFiles/cmTC_4ccac.dir/CheckSymbolExists.c.o   -c /home/mstest9/catkin_ws/src/using_pointclouds/CMakeFiles/CMakeTmp/CheckSymbolExists.c
Linking C executable cmTC_4ccac
/usr/bin/cmake -E cmake_link_script CMakeFiles/cmTC_4ccac.dir/link.txt --verbose=1
/usr/bin/cc       CMakeFiles/cmTC_4ccac.dir/CheckSymbolExists.c.o  -o cmTC_4ccac -rdynamic 
CMakeFiles/cmTC_4ccac.dir/CheckSymbolExists.c.o: In function `main':
CheckSymbolExists.c:(.text+0x16): undefined reference to `pthread_create'
collect2: error: ld returned 1 exit status
CMakeFiles/cmTC_4ccac.dir/build.make:97: recipe for target 'cmTC_4ccac' failed
make[1]: *** [cmTC_4ccac] Error 1
make[1]: Leaving directory '/home/mstest9/catkin_ws/src/using_pointclouds/CMakeFiles/CMakeTmp'
Makefile:126: recipe for target 'cmTC_4ccac/fast' failed
make: *** [cmTC_4ccac/fast] Error 2

File /home/mstest9/catkin_ws/src/using_pointclouds/CMakeFiles/CMakeTmp/CheckSymbolExists.c:
/* */
#include <pthread.h>

int main(int argc, char** argv)
{
  (void)argv;
#ifndef pthread_create
  return ((int*)(&pthread_create))[argc];
#else
  (void)argc;
  return 0;
#endif
}

Determining if the function pthread_create exists in the pthreads failed with the following output:
Change Dir: /home/mstest9/catkin_ws/src/using_pointclouds/CMakeFiles/CMakeTmp

Run Build Command:"/usr/bin/make" "cmTC_bc05b/fast"
/usr/bin/make -f CMakeFiles/cmTC_bc05b.dir/build.make CMakeFiles/cmTC_bc05b.dir/build
make[1]: Entering directory '/home/mstest9/catkin_ws/src/using_pointclouds/CMakeFiles/CMakeTmp'
Building C object CMakeFiles/cmTC_bc05b.dir/CheckFunctionExists.c.o
/usr/bin/cc    -DCHECK_FUNCTION_EXISTS=pthread_create   -o CMakeFiles/cmTC_bc05b.dir/CheckFunctionExists.c.o   -c /usr/share/cmake-3.5/Modules/CheckFunctionExists.c
Linking C executable cmTC_bc05b
/usr/bin/cmake -E cmake_link_script CMakeFiles/cmTC_bc05b.dir/link.txt --verbose=1
/usr/bin/cc   -DCHECK_FUNCTION_EXISTS=pthread_create    CMakeFiles/cmTC_bc05b.dir/CheckFunctionExists.c.o  -o cmTC_bc05b -rdynamic -lpthreads 
/usr/bin/ld: cannot find -lpthreads
collect2: error: ld returned 1 exit status
CMakeFiles/cmTC_bc05b.dir/build.make:97: recipe for target 'cmTC_bc05b' failed
make[1]: *** [cmTC_bc05b] Error 1
make[1]: Leaving directory '/home/mstest9/catkin_ws/src/using_pointclouds/CMakeFiles/CMakeTmp'
Makefile:126: recipe for target 'cmTC_bc05b/fast' failed
make: *** [cmTC_bc05b/fast] Error 2


